<?xml version="1.0" encoding="UTF-8"?>
<testsuite name="edu.neu.cs6260.a2.RemedianTest" tests="2" skipped="0" failures="0" errors="0" timestamp="2015-02-28T22:55:49" hostname="localhost.localdomain" time="0.004">
  <properties/>
  <testcase name="testAdd" classname="edu.neu.cs6260.a2.RemedianTest" time="0.003"/>
  <testcase name="testGetRemedian" classname="edu.neu.cs6260.a2.RemedianTest" time="0.001"/>
  <system-out><![CDATA[]]></system-out>
  <system-err><![CDATA[]]></system-err>
</testsuite>
